<?xml version="1.0" encoding="UTF-8"?>
<!-- Generated by org.testng.reporters.JUnitReportReporter -->
<testsuite skipped="0" hostname="G1C2ML15913" name="com.driver.main.MainClass" tests="1" failures="0" timestamp="29 Aug 2018 12:33:05 GMT" time="0.761" errors="0">
  <testcase name="f" time="0.761" classname="com.driver.main.MainClass"/>
</testsuite> <!-- com.driver.main.MainClass -->
